2025-05-06 23:23:26.945 [info] [main] ログ レベル: Info
2025-05-06 23:23:26.945 [info] [main] Git の検証が検出されました: "git"
2025-05-06 23:23:26.945 [info] [main] "git" から Git "2.49.0" を使用しています
2025-05-06 23:23:26.945 [info] [Model][doInitialScan] Initial repository scan started
2025-05-06 23:23:26.945 [info] > git rev-parse --show-toplevel [3ms]
2025-05-06 23:23:26.945 [info] fatal: not a git repository (or any of the parent directories): .git
2025-05-06 23:23:26.945 [info] > git rev-parse --show-toplevel [2ms]
2025-05-06 23:23:26.945 [info] fatal: not a git repository (or any of the parent directories): .git
2025-05-06 23:23:26.945 [info] > git rev-parse --show-toplevel [4ms]
2025-05-06 23:23:26.945 [info] fatal: not a git repository (or any of the parent directories): .git
2025-05-06 23:23:26.945 [info] > git rev-parse --show-toplevel [1ms]
2025-05-06 23:23:26.945 [info] fatal: not a git repository (or any of the parent directories): .git
2025-05-06 23:23:26.948 [info] > git rev-parse --show-toplevel [1ms]
2025-05-06 23:23:26.948 [info] fatal: not a git repository (or any of the parent directories): .git
2025-05-06 23:23:26.950 [info] > git rev-parse --show-toplevel [1ms]
2025-05-06 23:23:26.950 [info] fatal: not a git repository (or any of the parent directories): .git
2025-05-06 23:23:26.953 [info] [Model][doInitialScan] Initial repository scan completed - repositories (0), closed repositories (0), parent repositories (0), unsafe repositories (0)
2025-05-06 23:23:27.719 [info] > git rev-parse --show-toplevel [1ms]
2025-05-06 23:23:27.719 [info] fatal: not a git repository (or any of the parent directories): .git
2025-05-06 23:23:27.812 [info] > git rev-parse --show-toplevel [1ms]
2025-05-06 23:23:27.812 [info] fatal: not a git repository (or any of the parent directories): .git
2025-05-06 23:23:35.033 [info] > git rev-parse --show-toplevel [0ms]
2025-05-06 23:23:35.036 [info] > git rev-parse --git-dir --git-common-dir [1ms]
2025-05-06 23:23:35.044 [info] [Model][openRepository] Opened repository: /home/shin/test
2025-05-06 23:23:35.050 [warning] [Git][getHEAD] Failed to parse HEAD file: Repository is using reftable format.
2025-05-06 23:23:35.051 [info] > git config --get commit.template [3ms]
2025-05-06 23:23:35.051 [info] > git symbolic-ref --short HEAD [1ms]
2025-05-06 23:23:35.051 [info] fatal: No such ref: HEAD
2025-05-06 23:23:35.054 [info] > git rev-parse HEAD [1ms]
2025-05-06 23:23:35.054 [info] fatal: ambiguous argument 'HEAD': unknown revision or path not in the working tree.
Use '--' to separate paths from revisions, like this:
'git <command> [<revision>...] -- [<file>...]'
2025-05-06 23:23:35.060 [info] > git status -z -uall [4ms]
2025-05-06 23:23:35.061 [info] > git for-each-ref --sort -committerdate --format %(refname)%00%(objectname)%00%(*objectname) [2ms]
2025-05-06 23:23:35.071 [info] > git symbolic-ref --short HEAD [5ms]
2025-05-06 23:23:35.071 [info] fatal: No such ref: HEAD
2025-05-06 23:23:35.073 [info] > git config --get commit.template [2ms]
2025-05-06 23:23:35.074 [info] > git rev-parse HEAD [1ms]
2025-05-06 23:23:35.074 [info] fatal: ambiguous argument 'HEAD': unknown revision or path not in the working tree.
Use '--' to separate paths from revisions, like this:
'git <command> [<revision>...] -- [<file>...]'
2025-05-06 23:23:35.080 [info] > git status -z -uall [4ms]
2025-05-06 23:23:35.081 [info] > git for-each-ref --sort -committerdate --format %(refname)%00%(objectname)%00%(*objectname) [2ms]
2025-05-06 23:23:35.583 [info] > git check-ignore -v -z --stdin [1ms]
2025-05-06 23:23:36.329 [info] > git symbolic-ref --short HEAD [2ms]
2025-05-06 23:23:36.331 [info] > git config --get commit.template [2ms]
2025-05-06 23:23:36.332 [info] > git for-each-ref --format=%(refname)%00%(upstream:short)%00%(objectname)%00%(upstream:track)%00%(upstream:remotename)%00%(upstream:remoteref) refs/heads/main refs/remotes/main [1ms]
2025-05-06 23:23:36.332 [warning] [Git][getBranch] No such branch: main
2025-05-06 23:23:36.336 [info] > git status -z -uall [2ms]
2025-05-06 23:23:36.337 [info] > git for-each-ref --sort -committerdate --format %(refname)%00%(objectname)%00%(*objectname) [1ms]
2025-05-06 23:23:36.341 [info] > git for-each-ref --format=%(refname)%00%(upstream:short)%00%(objectname)%00%(upstream:track)%00%(upstream:remotename)%00%(upstream:remoteref) refs/heads/main refs/remotes/main [0ms]
2025-05-06 23:23:36.342 [warning] [Git][getBranch] No such branch: main
2025-05-06 23:23:36.342 [error] [GitHistoryProvider][resolveHEADMergeBase] Failed to resolve merge base for main: Error: No such branch: main.
2025-05-06 23:25:10.119 [info] > git rev-parse --show-toplevel [1ms]
2025-05-06 23:25:10.122 [info] > git rev-parse --git-dir --git-common-dir [0ms]
2025-05-06 23:25:10.126 [info] [Model][openRepository] Opened repository: /home/shin
2025-05-06 23:25:10.130 [info] [Git][getRemotes] No remotes found in the git config file
2025-05-06 23:25:10.132 [info] > git config --get commit.template [3ms]
2025-05-06 23:25:10.133 [info] > git for-each-ref --format=%(refname)%00%(upstream:short)%00%(objectname)%00%(upstream:track)%00%(upstream:remotename)%00%(upstream:remoteref) refs/heads/main refs/remotes/main [1ms]
2025-05-06 23:25:10.133 [warning] [Git][getBranch] No such branch: main
2025-05-06 23:25:10.139 [info] > git for-each-ref --sort -committerdate --format %(refname)%00%(objectname)%00%(*objectname) [2ms]
2025-05-06 23:25:10.221 [info] > git status -z -uall [86ms]
2025-05-06 23:25:10.428 [info] > git for-each-ref --format=%(refname)%00%(upstream:short)%00%(objectname)%00%(upstream:track)%00%(upstream:remotename)%00%(upstream:remoteref) refs/heads/main refs/remotes/main [180ms]
2025-05-06 23:25:10.428 [warning] [Git][getBranch] No such branch: main
2025-05-06 23:25:10.428 [error] [GitHistoryProvider][resolveHEADMergeBase] Failed to resolve merge base for main: Error: No such branch: main.
2025-05-06 23:25:10.434 [info] > git config --get commit.template [10ms]
2025-05-06 23:25:10.437 [info] [Git][getRemotes] No remotes found in the git config file
2025-05-06 23:25:10.441 [info] > git for-each-ref --format=%(refname)%00%(upstream:short)%00%(objectname)%00%(upstream:track)%00%(upstream:remotename)%00%(upstream:remoteref) refs/heads/main refs/remotes/main [4ms]
2025-05-06 23:25:10.441 [warning] [Git][getBranch] No such branch: main
2025-05-06 23:25:10.445 [info] > git for-each-ref --sort -committerdate --format %(refname)%00%(objectname)%00%(*objectname) [1ms]
2025-05-06 23:25:10.449 [info] > git status -z -uall [6ms]
2025-05-06 23:25:10.692 [info] > git check-ignore -v -z --stdin [4ms]
2025-05-06 23:25:10.693 [info] > git check-ignore -v -z --stdin [4ms]
2025-05-06 23:25:15.784 [info] [Git][getRemotes] No remotes found in the git config file
2025-05-06 23:25:15.785 [info] > git config --get commit.template [2ms]
2025-05-06 23:25:15.786 [info] > git for-each-ref --format=%(refname)%00%(upstream:short)%00%(objectname)%00%(upstream:track)%00%(upstream:remotename)%00%(upstream:remoteref) refs/heads/main refs/remotes/main [1ms]
2025-05-06 23:25:15.786 [warning] [Git][getBranch] No such branch: main
2025-05-06 23:25:15.790 [info] > git for-each-ref --sort -committerdate --format %(refname)%00%(objectname)%00%(*objectname) [1ms]
2025-05-06 23:25:15.794 [info] > git status -z -uall [7ms]
2025-05-06 23:25:20.810 [info] > git config --get commit.template [1ms]
2025-05-06 23:25:20.812 [info] [Git][getRemotes] No remotes found in the git config file
2025-05-06 23:25:20.812 [info] > git for-each-ref --format=%(refname)%00%(upstream:short)%00%(objectname)%00%(upstream:track)%00%(upstream:remotename)%00%(upstream:remoteref) refs/heads/main refs/remotes/main [1ms]
2025-05-06 23:25:20.812 [warning] [Git][getBranch] No such branch: main
2025-05-06 23:25:20.816 [info] > git for-each-ref --sort -committerdate --format %(refname)%00%(objectname)%00%(*objectname) [1ms]
2025-05-06 23:25:20.821 [info] > git status -z -uall [7ms]
2025-05-06 23:25:22.805 [info] [Git][getRemotes] No remotes found in the git config file
2025-05-06 23:25:22.806 [info] > git config --get commit.template [3ms]
2025-05-06 23:25:22.806 [info] > git for-each-ref --format=%(refname)%00%(upstream:short)%00%(objectname)%00%(upstream:track)%00%(upstream:remotename)%00%(upstream:remoteref) refs/heads/main refs/remotes/main [1ms]
2025-05-06 23:25:22.806 [warning] [Git][getBranch] No such branch: main
2025-05-06 23:25:22.812 [info] > git for-each-ref --sort -committerdate --format %(refname)%00%(objectname)%00%(*objectname) [1ms]
2025-05-06 23:25:22.817 [info] > git status -z -uall [8ms]
2025-05-06 23:25:25.838 [info] [Git][getRemotes] No remotes found in the git config file
2025-05-06 23:25:25.838 [info] > git config --get commit.template [2ms]
2025-05-06 23:25:25.838 [info] > git for-each-ref --format=%(refname)%00%(upstream:short)%00%(objectname)%00%(upstream:track)%00%(upstream:remotename)%00%(upstream:remoteref) refs/heads/main refs/remotes/main [1ms]
2025-05-06 23:25:25.838 [warning] [Git][getBranch] No such branch: main
2025-05-06 23:25:25.842 [info] > git for-each-ref --sort -committerdate --format %(refname)%00%(objectname)%00%(*objectname) [1ms]
2025-05-06 23:25:25.846 [info] > git status -z -uall [6ms]
2025-05-06 23:25:30.864 [info] [Git][getRemotes] No remotes found in the git config file
2025-05-06 23:25:30.865 [info] > git for-each-ref --format=%(refname)%00%(upstream:short)%00%(objectname)%00%(upstream:track)%00%(upstream:remotename)%00%(upstream:remoteref) refs/heads/main refs/remotes/main [1ms]
2025-05-06 23:25:30.865 [warning] [Git][getBranch] No such branch: main
2025-05-06 23:25:30.865 [info] > git config --get commit.template [3ms]
2025-05-06 23:25:30.871 [info] > git for-each-ref --sort -committerdate --format %(refname)%00%(objectname)%00%(*objectname) [1ms]
2025-05-06 23:25:30.877 [info] > git status -z -uall [10ms]
2025-05-06 23:25:35.896 [info] > git config --get commit.template [3ms]
2025-05-06 23:25:35.896 [info] [Git][getRemotes] No remotes found in the git config file
2025-05-06 23:25:35.896 [info] > git for-each-ref --format=%(refname)%00%(upstream:short)%00%(objectname)%00%(upstream:track)%00%(upstream:remotename)%00%(upstream:remoteref) refs/heads/main refs/remotes/main [1ms]
2025-05-06 23:25:35.896 [warning] [Git][getBranch] No such branch: main
2025-05-06 23:25:35.900 [info] > git for-each-ref --sort -committerdate --format %(refname)%00%(objectname)%00%(*objectname) [0ms]
2025-05-06 23:25:35.905 [info] > git status -z -uall [7ms]
2025-05-06 23:25:38.188 [info] [Git][getRemotes] No remotes found in the git config file
2025-05-06 23:25:38.190 [info] > git config --get commit.template [2ms]
2025-05-06 23:25:38.191 [info] > git for-each-ref --format=%(refname)%00%(upstream:short)%00%(objectname)%00%(upstream:track)%00%(upstream:remotename)%00%(upstream:remoteref) refs/heads/main refs/remotes/main [1ms]
2025-05-06 23:25:38.196 [info] > git for-each-ref --sort -committerdate --format %(refname)%00%(objectname)%00%(*objectname) [1ms]
2025-05-06 23:25:38.199 [info] > git status -z -uall [6ms]
2025-05-06 23:25:40.147 [info] [Git][getRemotes] No remotes found in the git config file
2025-05-06 23:25:40.147 [info] > git config --get commit.template [2ms]
2025-05-06 23:25:40.147 [info] > git for-each-ref --format=%(refname)%00%(upstream:short)%00%(objectname)%00%(upstream:track)%00%(upstream:remotename)%00%(upstream:remoteref) refs/heads/main refs/remotes/main [1ms]
2025-05-06 23:25:40.151 [info] > git for-each-ref --sort -committerdate --format %(refname)%00%(objectname)%00%(*objectname) [1ms]
2025-05-06 23:25:40.156 [info] > git status -z -uall [6ms]
2025-05-06 23:25:45.172 [info] [Git][getRemotes] No remotes found in the git config file
2025-05-06 23:25:45.172 [info] > git config --get commit.template [2ms]
2025-05-06 23:25:45.172 [info] > git for-each-ref --format=%(refname)%00%(upstream:short)%00%(objectname)%00%(upstream:track)%00%(upstream:remotename)%00%(upstream:remoteref) refs/heads/main refs/remotes/main [1ms]
2025-05-06 23:25:45.177 [info] > git for-each-ref --sort -committerdate --format %(refname)%00%(objectname)%00%(*objectname) [1ms]
2025-05-06 23:25:45.181 [info] > git status -z -uall [7ms]
2025-05-06 23:25:50.198 [info] [Git][getRemotes] No remotes found in the git config file
2025-05-06 23:25:50.199 [info] > git config --get commit.template [3ms]
2025-05-06 23:25:50.199 [info] > git for-each-ref --format=%(refname)%00%(upstream:short)%00%(objectname)%00%(upstream:track)%00%(upstream:remotename)%00%(upstream:remoteref) refs/heads/main refs/remotes/main [1ms]
2025-05-06 23:25:50.203 [info] > git for-each-ref --sort -committerdate --format %(refname)%00%(objectname)%00%(*objectname) [1ms]
2025-05-06 23:25:50.207 [info] > git status -z -uall [7ms]
2025-05-06 23:25:51.367 [info] [Git][getRemotes] No remotes found in the git config file
2025-05-06 23:25:51.368 [info] > git config --get commit.template [3ms]
2025-05-06 23:25:51.368 [info] > git for-each-ref --format=%(refname)%00%(upstream:short)%00%(objectname)%00%(upstream:track)%00%(upstream:remotename)%00%(upstream:remoteref) refs/heads/main refs/remotes/main [1ms]
2025-05-06 23:25:51.373 [info] > git for-each-ref --sort -committerdate --format %(refname)%00%(objectname)%00%(*objectname) [1ms]
2025-05-06 23:25:51.378 [info] > git status -z -uall [8ms]
2025-05-06 23:25:55.224 [info] > git config --get commit.template [3ms]
2025-05-06 23:25:55.224 [info] [Git][getRemotes] No remotes found in the git config file
2025-05-06 23:25:55.224 [info] > git for-each-ref --format=%(refname)%00%(upstream:short)%00%(objectname)%00%(upstream:track)%00%(upstream:remotename)%00%(upstream:remoteref) refs/heads/main refs/remotes/main [1ms]
2025-05-06 23:25:55.228 [info] > git for-each-ref --sort -committerdate --format %(refname)%00%(objectname)%00%(*objectname) [1ms]
2025-05-06 23:25:55.233 [info] > git status -z -uall [7ms]
2025-05-06 23:26:02.673 [info] [Git][getRemotes] No remotes found in the git config file
2025-05-06 23:26:02.673 [info] > git config --get commit.template [3ms]
2025-05-06 23:26:02.673 [info] > git for-each-ref --format=%(refname)%00%(upstream:short)%00%(objectname)%00%(upstream:track)%00%(upstream:remotename)%00%(upstream:remoteref) refs/heads/main refs/remotes/main [1ms]
2025-05-06 23:26:02.679 [info] > git for-each-ref --sort -committerdate --format %(refname)%00%(objectname)%00%(*objectname) [0ms]
2025-05-06 23:26:02.682 [info] > git status -z -uall [6ms]
2025-05-06 23:26:07.710 [info] > git config --get commit.template [3ms]
2025-05-06 23:26:07.711 [info] > git for-each-ref --format=%(refname)%00%(upstream:short)%00%(objectname)%00%(upstream:track)%00%(upstream:remotename)%00%(upstream:remoteref) refs/heads/main refs/remotes/main [1ms]
2025-05-06 23:26:07.715 [info] > git for-each-ref --sort -committerdate --format %(refname)%00%(objectname)%00%(*objectname) [1ms]
2025-05-06 23:26:07.720 [info] > git status -z -uall [7ms]
2025-05-06 23:26:17.577 [info] > git config --get commit.template [1ms]
2025-05-06 23:26:17.581 [info] > git for-each-ref --format=%(refname)%00%(upstream:short)%00%(objectname)%00%(upstream:track)%00%(upstream:remotename)%00%(upstream:remoteref) refs/heads/main refs/remotes/main [1ms]
2025-05-06 23:26:17.588 [info] > git for-each-ref --sort -committerdate --format %(refname)%00%(objectname)%00%(*objectname) [1ms]
2025-05-06 23:26:17.591 [info] > git status -z -uall [7ms]
2025-05-06 23:26:39.383 [info] > git config --get commit.template [4ms]
2025-05-06 23:26:39.384 [info] > git for-each-ref --format=%(refname)%00%(upstream:short)%00%(objectname)%00%(upstream:track)%00%(upstream:remotename)%00%(upstream:remoteref) refs/heads/main refs/remotes/main [2ms]
2025-05-06 23:26:39.391 [info] > git for-each-ref --sort -committerdate --format %(refname)%00%(objectname)%00%(*objectname) [1ms]
2025-05-06 23:26:39.472 [info] > git status -z -uall [85ms]
2025-05-06 23:26:39.492 [info] > git merge-base refs/heads/main refs/remotes/origin/main [1ms]
2025-05-06 23:26:39.497 [info] > git diff --name-status -z --diff-filter=ADMR 2c48f123499e7d83f5cac4fcd53b56d6bbb28d8b...refs/remotes/origin/main [2ms]
2025-05-06 23:26:49.058 [info] > git config --get commit.template [3ms]
2025-05-06 23:26:49.058 [info] > git for-each-ref --format=%(refname)%00%(upstream:short)%00%(objectname)%00%(upstream:track)%00%(upstream:remotename)%00%(upstream:remoteref) refs/heads/main refs/remotes/main [1ms]
2025-05-06 23:26:49.065 [info] > git for-each-ref --sort -committerdate --format %(refname)%00%(objectname)%00%(*objectname) [1ms]
2025-05-06 23:26:49.068 [info] > git status -z -uall [6ms]
2025-05-06 23:26:54.092 [info] > git config --get commit.template [2ms]
2025-05-06 23:26:54.093 [info] > git for-each-ref --format=%(refname)%00%(upstream:short)%00%(objectname)%00%(upstream:track)%00%(upstream:remotename)%00%(upstream:remoteref) refs/heads/main refs/remotes/main [1ms]
2025-05-06 23:26:54.098 [info] > git for-each-ref --sort -committerdate --format %(refname)%00%(objectname)%00%(*objectname) [1ms]
2025-05-06 23:26:54.102 [info] > git status -z -uall [7ms]
2025-05-06 23:26:59.119 [info] > git config --get commit.template [2ms]
2025-05-06 23:26:59.120 [info] > git for-each-ref --format=%(refname)%00%(upstream:short)%00%(objectname)%00%(upstream:track)%00%(upstream:remotename)%00%(upstream:remoteref) refs/heads/main refs/remotes/main [1ms]
2025-05-06 23:26:59.125 [info] > git for-each-ref --sort -committerdate --format %(refname)%00%(objectname)%00%(*objectname) [1ms]
2025-05-06 23:26:59.129 [info] > git status -z -uall [7ms]
2025-05-06 23:27:04.148 [info] > git config --get commit.template [1ms]
2025-05-06 23:27:04.152 [info] > git for-each-ref --format=%(refname)%00%(upstream:short)%00%(objectname)%00%(upstream:track)%00%(upstream:remotename)%00%(upstream:remoteref) refs/heads/main refs/remotes/main [1ms]
2025-05-06 23:27:04.157 [info] > git for-each-ref --sort -committerdate --format %(refname)%00%(objectname)%00%(*objectname) [1ms]
2025-05-06 23:27:04.162 [info] > git status -z -uall [8ms]
2025-05-06 23:27:09.180 [info] > git config --get commit.template [1ms]
2025-05-06 23:27:09.183 [info] > git for-each-ref --format=%(refname)%00%(upstream:short)%00%(objectname)%00%(upstream:track)%00%(upstream:remotename)%00%(upstream:remoteref) refs/heads/main refs/remotes/main [1ms]
2025-05-06 23:27:09.188 [info] > git for-each-ref --sort -committerdate --format %(refname)%00%(objectname)%00%(*objectname) [1ms]
2025-05-06 23:27:09.193 [info] > git status -z -uall [8ms]
2025-05-06 23:27:13.438 [info] > git config --get commit.template [3ms]
2025-05-06 23:27:13.442 [info] > git for-each-ref --format=%(refname)%00%(upstream:short)%00%(objectname)%00%(upstream:track)%00%(upstream:remotename)%00%(upstream:remoteref) refs/heads/main refs/remotes/main [2ms]
2025-05-06 23:27:13.450 [info] > git for-each-ref --sort -committerdate --format %(refname)%00%(objectname)%00%(*objectname) [2ms]
2025-05-06 23:27:13.453 [info] > git status -z -uall [7ms]
2025-05-06 23:27:13.812 [info] > git show --textconv :README.md [2ms]
2025-05-06 23:27:13.813 [info] > git ls-files --stage -- README.md [1ms]
2025-05-06 23:27:13.816 [info] > git cat-file -s 83c831f0b085c70509b1fbb0a0131a9a32e691ac [1ms]
2025-05-06 23:27:18.474 [info] > git config --get commit.template [3ms]
2025-05-06 23:27:18.475 [info] > git for-each-ref --format=%(refname)%00%(upstream:short)%00%(objectname)%00%(upstream:track)%00%(upstream:remotename)%00%(upstream:remoteref) refs/heads/main refs/remotes/main [1ms]
2025-05-06 23:27:18.481 [info] > git for-each-ref --sort -committerdate --format %(refname)%00%(objectname)%00%(*objectname) [1ms]
2025-05-06 23:27:18.485 [info] > git status -z -uall [7ms]
2025-05-06 23:27:26.259 [info] > git config --get commit.template [3ms]
2025-05-06 23:27:26.259 [info] > git for-each-ref --format=%(refname)%00%(upstream:short)%00%(objectname)%00%(upstream:track)%00%(upstream:remotename)%00%(upstream:remoteref) refs/heads/main refs/remotes/main [1ms]
2025-05-06 23:27:26.267 [info] > git for-each-ref --sort -committerdate --format %(refname)%00%(objectname)%00%(*objectname) [1ms]
2025-05-06 23:27:26.273 [info] > git status -z -uall [10ms]
2025-05-06 23:27:26.287 [info] > git blame --root --incremental 2c48f123499e7d83f5cac4fcd53b56d6bbb28d8b -- README.md [15ms]
2025-05-06 23:27:31.292 [info] > git config --get commit.template [3ms]
2025-05-06 23:27:31.292 [info] > git for-each-ref --format=%(refname)%00%(upstream:short)%00%(objectname)%00%(upstream:track)%00%(upstream:remotename)%00%(upstream:remoteref) refs/heads/main refs/remotes/main [1ms]
2025-05-06 23:27:31.297 [info] > git for-each-ref --sort -committerdate --format %(refname)%00%(objectname)%00%(*objectname) [1ms]
2025-05-06 23:27:31.302 [info] > git status -z -uall [7ms]
2025-05-06 23:27:36.318 [info] > git config --get commit.template [1ms]
2025-05-06 23:27:36.321 [info] > git for-each-ref --format=%(refname)%00%(upstream:short)%00%(objectname)%00%(upstream:track)%00%(upstream:remotename)%00%(upstream:remoteref) refs/heads/main refs/remotes/main [1ms]
2025-05-06 23:27:36.325 [info] > git for-each-ref --sort -committerdate --format %(refname)%00%(objectname)%00%(*objectname) [0ms]
2025-05-06 23:27:36.330 [info] > git status -z -uall [7ms]
2025-05-06 23:27:41.349 [info] > git config --get commit.template [2ms]
2025-05-06 23:27:41.349 [info] > git for-each-ref --format=%(refname)%00%(upstream:short)%00%(objectname)%00%(upstream:track)%00%(upstream:remotename)%00%(upstream:remoteref) refs/heads/main refs/remotes/main [1ms]
2025-05-06 23:27:41.354 [info] > git for-each-ref --sort -committerdate --format %(refname)%00%(objectname)%00%(*objectname) [1ms]
2025-05-06 23:27:41.360 [info] > git status -z -uall [8ms]
2025-05-06 23:27:45.568 [info] > git config --get commit.template [2ms]
2025-05-06 23:27:45.568 [info] > git for-each-ref --format=%(refname)%00%(upstream:short)%00%(objectname)%00%(upstream:track)%00%(upstream:remotename)%00%(upstream:remoteref) refs/heads/main refs/remotes/main [1ms]
2025-05-06 23:27:45.573 [info] > git for-each-ref --sort -committerdate --format %(refname)%00%(objectname)%00%(*objectname) [1ms]
2025-05-06 23:27:45.577 [info] > git status -z -uall [7ms]
2025-05-06 23:27:50.594 [info] > git config --get commit.template [0ms]
2025-05-06 23:27:50.596 [info] > git for-each-ref --format=%(refname)%00%(upstream:short)%00%(objectname)%00%(upstream:track)%00%(upstream:remotename)%00%(upstream:remoteref) refs/heads/main refs/remotes/main [1ms]
2025-05-06 23:27:50.601 [info] > git for-each-ref --sort -committerdate --format %(refname)%00%(objectname)%00%(*objectname) [1ms]
2025-05-06 23:27:50.605 [info] > git status -z -uall [7ms]
2025-05-06 23:27:55.625 [info] > git config --get commit.template [2ms]
2025-05-06 23:27:55.628 [info] > git for-each-ref --format=%(refname)%00%(upstream:short)%00%(objectname)%00%(upstream:track)%00%(upstream:remotename)%00%(upstream:remoteref) refs/heads/main refs/remotes/main [1ms]
2025-05-06 23:27:55.634 [info] > git for-each-ref --sort -committerdate --format %(refname)%00%(objectname)%00%(*objectname) [1ms]
2025-05-06 23:27:55.638 [info] > git status -z -uall [7ms]
2025-05-06 23:28:00.662 [info] > git config --get commit.template [3ms]
2025-05-06 23:28:00.662 [info] > git for-each-ref --format=%(refname)%00%(upstream:short)%00%(objectname)%00%(upstream:track)%00%(upstream:remotename)%00%(upstream:remoteref) refs/heads/main refs/remotes/main [1ms]
2025-05-06 23:28:00.667 [info] > git for-each-ref --sort -committerdate --format %(refname)%00%(objectname)%00%(*objectname) [1ms]
2025-05-06 23:28:00.671 [info] > git status -z -uall [7ms]
2025-05-06 23:28:01.923 [info] > git log --format=%H%n%aN%n%aE%n%at%n%ct%n%P%n%D%n%B -z --shortstat --diff-merges=first-parent -n50 --skip=0 --topo-order --decorate=full --stdin [9ms]
2025-05-06 23:28:02.508 [info] > git check-ignore -v -z --stdin [1ms]
2025-05-06 23:28:12.621 [info] > git config --get commit.template [4ms]
2025-05-06 23:28:12.622 [info] > git for-each-ref --format=%(refname)%00%(upstream:short)%00%(objectname)%00%(upstream:track)%00%(upstream:remotename)%00%(upstream:remoteref) refs/heads/main refs/remotes/main [2ms]
2025-05-06 23:28:12.628 [info] > git for-each-ref --sort -committerdate --format %(refname)%00%(objectname)%00%(*objectname) [1ms]
2025-05-06 23:28:12.633 [info] > git status -z -uall [8ms]
2025-05-06 23:28:15.442 [info] > git add -A -- . [2724ms]
2025-05-06 23:28:15.442 [info] error: 'test/' does not have a commit checked out
fatal: adding files failed
2025-05-06 23:28:15.447 [info] > git config --get commit.template [2ms]
2025-05-06 23:28:15.447 [info] > git for-each-ref --format=%(refname)%00%(upstream:short)%00%(objectname)%00%(upstream:track)%00%(upstream:remotename)%00%(upstream:remoteref) refs/heads/main refs/remotes/main [1ms]
2025-05-06 23:28:15.452 [info] > git for-each-ref --sort -committerdate --format %(refname)%00%(objectname)%00%(*objectname) [1ms]
2025-05-06 23:28:15.456 [info] > git status -z -uall [7ms]
2025-05-06 23:28:22.622 [info] > git config --get commit.template [4ms]
2025-05-06 23:28:22.622 [info] > git for-each-ref --format=%(refname)%00%(upstream:short)%00%(objectname)%00%(upstream:track)%00%(upstream:remotename)%00%(upstream:remoteref) refs/heads/main refs/remotes/main [1ms]
2025-05-06 23:28:22.628 [info] > git for-each-ref --sort -committerdate --format %(refname)%00%(objectname)%00%(*objectname) [1ms]
2025-05-06 23:28:22.632 [info] > git status -z -uall [7ms]
2025-05-06 23:28:27.672 [info] > git config --get commit.template [3ms]
2025-05-06 23:28:27.673 [info] > git for-each-ref --format=%(refname)%00%(upstream:short)%00%(objectname)%00%(upstream:track)%00%(upstream:remotename)%00%(upstream:remoteref) refs/heads/main refs/remotes/main [2ms]
2025-05-06 23:28:27.681 [info] > git for-each-ref --sort -committerdate --format %(refname)%00%(objectname)%00%(*objectname) [1ms]
2025-05-06 23:28:27.685 [info] > git status -z -uall [9ms]
2025-05-06 23:28:32.711 [info] > git config --get commit.template [3ms]
2025-05-06 23:28:32.711 [info] > git for-each-ref --format=%(refname)%00%(upstream:short)%00%(objectname)%00%(upstream:track)%00%(upstream:remotename)%00%(upstream:remoteref) refs/heads/main refs/remotes/main [1ms]
2025-05-06 23:28:32.718 [info] > git for-each-ref --sort -committerdate --format %(refname)%00%(objectname)%00%(*objectname) [1ms]
2025-05-06 23:28:32.722 [info] > git status -z -uall [7ms]
2025-05-06 23:28:39.331 [info] > git config --get commit.template [3ms]
2025-05-06 23:28:39.332 [info] > git for-each-ref --format=%(refname)%00%(upstream:short)%00%(objectname)%00%(upstream:track)%00%(upstream:remotename)%00%(upstream:remoteref) refs/heads/main refs/remotes/main [2ms]
2025-05-06 23:28:39.338 [info] > git for-each-ref --sort -committerdate --format %(refname)%00%(objectname)%00%(*objectname) [1ms]
2025-05-06 23:28:39.342 [info] > git status -z -uall [7ms]
2025-05-06 23:28:43.179 [info] > git check-ignore -v -z --stdin [1ms]
2025-05-06 23:28:44.363 [info] > git config --get commit.template [1ms]
2025-05-06 23:28:44.366 [info] > git for-each-ref --format=%(refname)%00%(upstream:short)%00%(objectname)%00%(upstream:track)%00%(upstream:remotename)%00%(upstream:remoteref) refs/heads/main refs/remotes/main [1ms]
2025-05-06 23:28:44.372 [info] > git for-each-ref --sort -committerdate --format %(refname)%00%(objectname)%00%(*objectname) [1ms]
2025-05-06 23:28:44.376 [info] > git status -z -uall [8ms]
2025-05-06 23:29:30.504 [info] > git config --get commit.template [7ms]
2025-05-06 23:29:30.507 [info] > git for-each-ref --format=%(refname)%00%(upstream:short)%00%(objectname)%00%(upstream:track)%00%(upstream:remotename)%00%(upstream:remoteref) refs/heads/main refs/remotes/main [7ms]
2025-05-06 23:29:30.515 [info] > git for-each-ref --sort -committerdate --format %(refname)%00%(objectname)%00%(*objectname) [2ms]
2025-05-06 23:29:30.598 [info] > git status -z -uall [88ms]
2025-05-06 23:29:35.624 [info] > git config --get commit.template [3ms]
2025-05-06 23:29:35.624 [info] > git for-each-ref --format=%(refname)%00%(upstream:short)%00%(objectname)%00%(upstream:track)%00%(upstream:remotename)%00%(upstream:remoteref) refs/heads/main refs/remotes/main [1ms]
2025-05-06 23:29:35.631 [info] > git for-each-ref --sort -committerdate --format %(refname)%00%(objectname)%00%(*objectname) [1ms]
2025-05-06 23:29:35.636 [info] > git status -z -uall [8ms]
2025-05-06 23:29:40.660 [info] > git config --get commit.template [2ms]
2025-05-06 23:29:40.660 [info] > git for-each-ref --format=%(refname)%00%(upstream:short)%00%(objectname)%00%(upstream:track)%00%(upstream:remotename)%00%(upstream:remoteref) refs/heads/main refs/remotes/main [1ms]
2025-05-06 23:29:40.666 [info] > git for-each-ref --sort -committerdate --format %(refname)%00%(objectname)%00%(*objectname) [1ms]
2025-05-06 23:29:40.672 [info] > git status -z -uall [9ms]
2025-05-06 23:29:41.465 [info] > git log --format=%H%n%aN%n%aE%n%at%n%ct%n%P%n%D%n%B -z --shortstat --diff-merges=first-parent -n50 --skip=0 --topo-order --decorate=full --stdin [4ms]
2025-05-06 23:29:51.328 [info] > git config --get commit.template [3ms]
2025-05-06 23:29:51.329 [info] > git for-each-ref --format=%(refname)%00%(upstream:short)%00%(objectname)%00%(upstream:track)%00%(upstream:remotename)%00%(upstream:remoteref) refs/heads/main refs/remotes/main [1ms]
2025-05-06 23:29:51.338 [info] > git for-each-ref --sort -committerdate --format %(refname)%00%(objectname)%00%(*objectname) [5ms]
2025-05-06 23:29:51.339 [info] > git status -z -uall [8ms]
2025-05-06 23:29:52.354 [info] > git add -A -- . [1017ms]
2025-05-06 23:29:52.354 [info] error: 'test/' does not have a commit checked out
fatal: adding files failed
2025-05-06 23:29:52.359 [info] > git config --get commit.template [2ms]
2025-05-06 23:29:52.360 [info] > git for-each-ref --format=%(refname)%00%(upstream:short)%00%(objectname)%00%(upstream:track)%00%(upstream:remotename)%00%(upstream:remoteref) refs/heads/main refs/remotes/main [1ms]
2025-05-06 23:29:52.365 [info] > git for-each-ref --sort -committerdate --format %(refname)%00%(objectname)%00%(*objectname) [1ms]
2025-05-06 23:29:52.370 [info] > git status -z -uall [8ms]
2025-05-06 23:29:56.359 [info] > git config --get commit.template [2ms]
2025-05-06 23:29:56.359 [info] > git for-each-ref --format=%(refname)%00%(upstream:short)%00%(objectname)%00%(upstream:track)%00%(upstream:remotename)%00%(upstream:remoteref) refs/heads/main refs/remotes/main [1ms]
2025-05-06 23:29:56.366 [info] > git for-each-ref --sort -committerdate --format %(refname)%00%(objectname)%00%(*objectname) [1ms]
2025-05-06 23:29:56.370 [info] > git status -z -uall [8ms]
2025-05-06 23:30:01.392 [info] > git config --get commit.template [3ms]
2025-05-06 23:30:01.393 [info] > git for-each-ref --format=%(refname)%00%(upstream:short)%00%(objectname)%00%(upstream:track)%00%(upstream:remotename)%00%(upstream:remoteref) refs/heads/main refs/remotes/main [1ms]
2025-05-06 23:30:01.399 [info] > git for-each-ref --sort -committerdate --format %(refname)%00%(objectname)%00%(*objectname) [1ms]
2025-05-06 23:30:01.403 [info] > git status -z -uall [7ms]
2025-05-06 23:30:01.763 [info] > git log --format=%H%n%aN%n%aE%n%at%n%ct%n%P%n%D%n%B -z --shortstat --diff-merges=first-parent -n50 --skip=0 --topo-order --decorate=full --stdin [2ms]
2025-05-06 23:30:01.763 [info] fatal: bad revision 'refs/heads/main'
2025-05-06 23:30:01.764 [error] [GitHistoryProvider][provideHistoryItems] Failed to get history items with options '{"historyItemRefs":["refs/heads/main"],"limit":50,"skip":0}': Failed to execute git {
  "exitCode": 128,
  "gitCommand": "log",
  "stdout": "",
  "stderr": "fatal: bad revision 'refs/heads/main'\n"
}
2025-05-06 23:30:03.434 [info] > git log --format=%H%n%aN%n%aE%n%at%n%ct%n%P%n%D%n%B -z --shortstat --diff-merges=first-parent -n50 --skip=0 --topo-order --decorate=full --stdin [1ms]
2025-05-06 23:30:05.477 [info] > git log --format=%H%n%aN%n%aE%n%at%n%ct%n%P%n%D%n%B -z --shortstat --diff-merges=first-parent -n50 --skip=0 --topo-order --decorate=full --stdin [1ms]
2025-05-06 23:30:05.477 [info] fatal: bad revision 'refs/heads/main'
2025-05-06 23:30:05.478 [error] [GitHistoryProvider][provideHistoryItems] Failed to get history items with options '{"historyItemRefs":["refs/heads/main"],"limit":50,"skip":0}': Failed to execute git {
  "exitCode": 128,
  "gitCommand": "log",
  "stdout": "",
  "stderr": "fatal: bad revision 'refs/heads/main'\n"
}
2025-05-06 23:30:06.428 [info] > git config --get commit.template [2ms]
2025-05-06 23:30:06.429 [info] > git for-each-ref --format=%(refname)%00%(upstream:short)%00%(objectname)%00%(upstream:track)%00%(upstream:remotename)%00%(upstream:remoteref) refs/heads/main refs/remotes/main [1ms]
2025-05-06 23:30:06.434 [info] > git for-each-ref --sort -committerdate --format %(refname)%00%(objectname)%00%(*objectname) [1ms]
2025-05-06 23:30:06.439 [info] > git status -z -uall [8ms]
2025-05-06 23:30:07.894 [info] > git push -u origin main [43ms]
2025-05-06 23:30:07.894 [info] error: src refspec main does not match any
error: failed to push some refs to 'https://github.com/ShinMuraa/test.git'
2025-05-06 23:30:07.901 [info] > git symbolic-ref --short HEAD [2ms]
2025-05-06 23:30:07.903 [info] > git config --get commit.template [2ms]
2025-05-06 23:30:07.903 [info] > git for-each-ref --format=%(refname)%00%(upstream:short)%00%(objectname)%00%(upstream:track)%00%(upstream:remotename)%00%(upstream:remoteref) refs/heads/main refs/remotes/main [0ms]
2025-05-06 23:30:07.903 [warning] [Git][getBranch] No such branch: main
2025-05-06 23:30:07.908 [info] > git status -z -uall [3ms]
2025-05-06 23:30:07.909 [info] > git for-each-ref --sort -committerdate --format %(refname)%00%(objectname)%00%(*objectname) [1ms]
2025-05-06 23:30:12.870 [info] > git config --get commit.template [3ms]
2025-05-06 23:30:12.871 [info] > git for-each-ref --format=%(refname)%00%(upstream:short)%00%(objectname)%00%(upstream:track)%00%(upstream:remotename)%00%(upstream:remoteref) refs/heads/main refs/remotes/main [1ms]
2025-05-06 23:30:12.877 [info] > git for-each-ref --sort -committerdate --format %(refname)%00%(objectname)%00%(*objectname) [2ms]
2025-05-06 23:30:12.880 [info] > git status -z -uall [7ms]
2025-05-06 23:30:17.899 [info] > git config --get commit.template [3ms]
2025-05-06 23:30:17.899 [info] > git for-each-ref --format=%(refname)%00%(upstream:short)%00%(objectname)%00%(upstream:track)%00%(upstream:remotename)%00%(upstream:remoteref) refs/heads/main refs/remotes/main [1ms]
2025-05-06 23:30:17.906 [info] > git for-each-ref --sort -committerdate --format %(refname)%00%(objectname)%00%(*objectname) [0ms]
2025-05-06 23:30:17.909 [info] > git status -z -uall [7ms]
2025-05-06 23:30:18.842 [info] > git check-ignore -v -z --stdin [1ms]
2025-05-06 23:30:22.154 [info] > git config --get commit.template [2ms]
2025-05-06 23:30:22.155 [info] > git for-each-ref --format=%(refname)%00%(upstream:short)%00%(objectname)%00%(upstream:track)%00%(upstream:remotename)%00%(upstream:remoteref) refs/heads/main refs/remotes/main [1ms]
2025-05-06 23:30:22.159 [info] > git for-each-ref --sort -committerdate --format %(refname)%00%(objectname)%00%(*objectname) [1ms]
2025-05-06 23:30:22.164 [info] > git status -z -uall [7ms]
2025-05-06 23:30:27.182 [info] > git config --get commit.template [4ms]
2025-05-06 23:30:27.183 [info] > git for-each-ref --format=%(refname)%00%(upstream:short)%00%(objectname)%00%(upstream:track)%00%(upstream:remotename)%00%(upstream:remoteref) refs/heads/main refs/remotes/main [1ms]
2025-05-06 23:30:27.192 [info] > git for-each-ref --sort -committerdate --format %(refname)%00%(objectname)%00%(*objectname) [1ms]
2025-05-06 23:30:27.198 [info] > git status -z -uall [11ms]
2025-05-06 23:30:32.223 [info] > git config --get commit.template [2ms]
2025-05-06 23:30:32.226 [info] > git for-each-ref --format=%(refname)%00%(upstream:short)%00%(objectname)%00%(upstream:track)%00%(upstream:remotename)%00%(upstream:remoteref) refs/heads/main refs/remotes/main [1ms]
2025-05-06 23:30:32.233 [info] > git for-each-ref --sort -committerdate --format %(refname)%00%(objectname)%00%(*objectname) [1ms]
2025-05-06 23:30:32.236 [info] > git status -z -uall [7ms]
2025-05-06 23:30:36.803 [info] > git show --textconv :README.md [2ms]
2025-05-06 23:30:36.804 [info] > git ls-files --stage -- README.md [1ms]
2025-05-06 23:30:36.807 [info] > git cat-file -s 83c831f0b085c70509b1fbb0a0131a9a32e691ac [1ms]
2025-05-06 23:30:37.257 [info] > git config --get commit.template [2ms]
2025-05-06 23:30:37.258 [info] > git for-each-ref --format=%(refname)%00%(upstream:short)%00%(objectname)%00%(upstream:track)%00%(upstream:remotename)%00%(upstream:remoteref) refs/heads/main refs/remotes/main [1ms]
2025-05-06 23:30:37.263 [info] > git for-each-ref --sort -committerdate --format %(refname)%00%(objectname)%00%(*objectname) [1ms]
2025-05-06 23:30:37.268 [info] > git status -z -uall [8ms]
2025-05-06 23:30:42.285 [info] > git config --get commit.template [2ms]
2025-05-06 23:30:42.286 [info] > git for-each-ref --format=%(refname)%00%(upstream:short)%00%(objectname)%00%(upstream:track)%00%(upstream:remotename)%00%(upstream:remoteref) refs/heads/main refs/remotes/main [1ms]
2025-05-06 23:30:42.291 [info] > git for-each-ref --sort -committerdate --format %(refname)%00%(objectname)%00%(*objectname) [2ms]
2025-05-06 23:30:42.296 [info] > git status -z -uall [8ms]
2025-05-06 23:30:47.322 [info] > git config --get commit.template [3ms]
2025-05-06 23:30:47.323 [info] > git for-each-ref --format=%(refname)%00%(upstream:short)%00%(objectname)%00%(upstream:track)%00%(upstream:remotename)%00%(upstream:remoteref) refs/heads/main refs/remotes/main [1ms]
2025-05-06 23:30:47.327 [info] > git for-each-ref --sort -committerdate --format %(refname)%00%(objectname)%00%(*objectname) [1ms]
2025-05-06 23:30:47.332 [info] > git status -z -uall [7ms]
2025-05-06 23:30:52.354 [info] > git config --get commit.template [2ms]
2025-05-06 23:30:52.357 [info] > git for-each-ref --format=%(refname)%00%(upstream:short)%00%(objectname)%00%(upstream:track)%00%(upstream:remotename)%00%(upstream:remoteref) refs/heads/main refs/remotes/main [1ms]
2025-05-06 23:30:52.364 [info] > git for-each-ref --sort -committerdate --format %(refname)%00%(objectname)%00%(*objectname) [1ms]
2025-05-06 23:30:52.369 [info] > git status -z -uall [9ms]
2025-05-06 23:30:54.579 [info] > git config --get commit.template [1ms]
2025-05-06 23:30:54.582 [info] > git for-each-ref --format=%(refname)%00%(upstream:short)%00%(objectname)%00%(upstream:track)%00%(upstream:remotename)%00%(upstream:remoteref) refs/heads/main refs/remotes/main [1ms]
2025-05-06 23:30:54.588 [info] > git for-each-ref --sort -committerdate --format %(refname)%00%(objectname)%00%(*objectname) [1ms]
2025-05-06 23:30:54.592 [info] > git status -z -uall [7ms]
2025-05-06 23:30:55.930 [info] > git ls-files --stage -- README.md [1ms]
2025-05-06 23:30:55.933 [info] > git cat-file -s 83c831f0b085c70509b1fbb0a0131a9a32e691ac [0ms]
2025-05-06 23:30:55.940 [info] > git show --textconv :README.md [1ms]
2025-05-06 23:30:56.581 [info] > git config --get commit.template [3ms]
2025-05-06 23:30:56.581 [info] > git for-each-ref --format=%(refname)%00%(upstream:short)%00%(objectname)%00%(upstream:track)%00%(upstream:remotename)%00%(upstream:remoteref) refs/heads/main refs/remotes/main [1ms]
2025-05-06 23:30:56.586 [info] > git for-each-ref --sort -committerdate --format %(refname)%00%(objectname)%00%(*objectname) [1ms]
2025-05-06 23:30:56.591 [info] > git status -z -uall [7ms]
2025-05-06 23:31:01.607 [info] > git config --get commit.template [2ms]
2025-05-06 23:31:01.608 [info] > git for-each-ref --format=%(refname)%00%(upstream:short)%00%(objectname)%00%(upstream:track)%00%(upstream:remotename)%00%(upstream:remoteref) refs/heads/main refs/remotes/main [1ms]
2025-05-06 23:31:01.612 [info] > git for-each-ref --sort -committerdate --format %(refname)%00%(objectname)%00%(*objectname) [1ms]
2025-05-06 23:31:01.617 [info] > git status -z -uall [7ms]
2025-05-06 23:31:06.633 [info] > git config --get commit.template [1ms]
2025-05-06 23:31:06.636 [info] > git for-each-ref --format=%(refname)%00%(upstream:short)%00%(objectname)%00%(upstream:track)%00%(upstream:remotename)%00%(upstream:remoteref) refs/heads/main refs/remotes/main [1ms]
2025-05-06 23:31:06.641 [info] > git for-each-ref --sort -committerdate --format %(refname)%00%(objectname)%00%(*objectname) [1ms]
2025-05-06 23:31:06.646 [info] > git status -z -uall [8ms]
2025-05-06 23:31:11.663 [info] > git config --get commit.template [3ms]
2025-05-06 23:31:11.663 [info] > git for-each-ref --format=%(refname)%00%(upstream:short)%00%(objectname)%00%(upstream:track)%00%(upstream:remotename)%00%(upstream:remoteref) refs/heads/main refs/remotes/main [1ms]
2025-05-06 23:31:11.668 [info] > git for-each-ref --sort -committerdate --format %(refname)%00%(objectname)%00%(*objectname) [1ms]
2025-05-06 23:31:11.673 [info] > git status -z -uall [8ms]
2025-05-06 23:31:16.697 [info] > git config --get commit.template [3ms]
2025-05-06 23:31:16.697 [info] > git for-each-ref --format=%(refname)%00%(upstream:short)%00%(objectname)%00%(upstream:track)%00%(upstream:remotename)%00%(upstream:remoteref) refs/heads/main refs/remotes/main [1ms]
2025-05-06 23:31:16.702 [info] > git for-each-ref --sort -committerdate --format %(refname)%00%(objectname)%00%(*objectname) [1ms]
2025-05-06 23:31:16.707 [info] > git status -z -uall [8ms]
2025-05-06 23:31:21.724 [info] > git config --get commit.template [2ms]
2025-05-06 23:31:21.725 [info] > git for-each-ref --format=%(refname)%00%(upstream:short)%00%(objectname)%00%(upstream:track)%00%(upstream:remotename)%00%(upstream:remoteref) refs/heads/main refs/remotes/main [1ms]
2025-05-06 23:31:21.730 [info] > git for-each-ref --sort -committerdate --format %(refname)%00%(objectname)%00%(*objectname) [1ms]
2025-05-06 23:31:21.734 [info] > git status -z -uall [7ms]
2025-05-06 23:31:25.928 [info] > git config --get commit.template [2ms]
2025-05-06 23:31:25.931 [info] > git for-each-ref --format=%(refname)%00%(upstream:short)%00%(objectname)%00%(upstream:track)%00%(upstream:remotename)%00%(upstream:remoteref) refs/heads/main refs/remotes/main [1ms]
2025-05-06 23:31:25.937 [info] > git for-each-ref --sort -committerdate --format %(refname)%00%(objectname)%00%(*objectname) [1ms]
2025-05-06 23:31:25.941 [info] > git status -z -uall [7ms]
2025-05-06 23:31:30.959 [info] > git config --get commit.template [1ms]
2025-05-06 23:31:30.962 [info] > git for-each-ref --format=%(refname)%00%(upstream:short)%00%(objectname)%00%(upstream:track)%00%(upstream:remotename)%00%(upstream:remoteref) refs/heads/main refs/remotes/main [1ms]
2025-05-06 23:31:30.966 [info] > git for-each-ref --sort -committerdate --format %(refname)%00%(objectname)%00%(*objectname) [1ms]
2025-05-06 23:31:30.971 [info] > git status -z -uall [7ms]
2025-05-06 23:31:35.988 [info] > git config --get commit.template [1ms]
2025-05-06 23:31:35.990 [info] > git for-each-ref --format=%(refname)%00%(upstream:short)%00%(objectname)%00%(upstream:track)%00%(upstream:remotename)%00%(upstream:remoteref) refs/heads/main refs/remotes/main [1ms]
2025-05-06 23:31:35.996 [info] > git for-each-ref --sort -committerdate --format %(refname)%00%(objectname)%00%(*objectname) [1ms]
2025-05-06 23:31:36.001 [info] > git status -z -uall [8ms]
2025-05-06 23:31:41.028 [info] > git config --get commit.template [3ms]
2025-05-06 23:31:41.028 [info] > git for-each-ref --format=%(refname)%00%(upstream:short)%00%(objectname)%00%(upstream:track)%00%(upstream:remotename)%00%(upstream:remoteref) refs/heads/main refs/remotes/main [1ms]
2025-05-06 23:31:41.033 [info] > git for-each-ref --sort -committerdate --format %(refname)%00%(objectname)%00%(*objectname) [0ms]
2025-05-06 23:31:41.037 [info] > git status -z -uall [7ms]
2025-05-06 23:31:46.054 [info] > git config --get commit.template [1ms]
2025-05-06 23:31:46.057 [info] > git for-each-ref --format=%(refname)%00%(upstream:short)%00%(objectname)%00%(upstream:track)%00%(upstream:remotename)%00%(upstream:remoteref) refs/heads/main refs/remotes/main [1ms]
2025-05-06 23:31:46.063 [info] > git for-each-ref --sort -committerdate --format %(refname)%00%(objectname)%00%(*objectname) [1ms]
2025-05-06 23:31:46.068 [info] > git status -z -uall [8ms]
2025-05-06 23:31:48.993 [warning] [Git][getRemotes] Error: ENOENT: no such file or directory, open '/home/shin/test/.git/config'
2025-05-06 23:31:49.002 [warning] [Git][getRemotes] Error: ENOENT: no such file or directory, open '/home/shin/test/.git/config'
2025-05-06 23:31:49.625 [info] > git check-ignore -v -z --stdin [0ms]
2025-05-06 23:31:51.090 [info] > git config --get commit.template [2ms]
2025-05-06 23:31:51.091 [info] > git for-each-ref --format=%(refname)%00%(upstream:short)%00%(objectname)%00%(upstream:track)%00%(upstream:remotename)%00%(upstream:remoteref) refs/heads/main refs/remotes/main [1ms]
2025-05-06 23:31:51.096 [info] > git for-each-ref --sort -committerdate --format %(refname)%00%(objectname)%00%(*objectname) [1ms]
2025-05-06 23:31:51.100 [info] > git status -z -uall [7ms]
2025-05-06 23:31:51.661 [info] > git check-ignore -v -z --stdin [1ms]
2025-05-06 23:31:56.115 [info] > git config --get commit.template [2ms]
2025-05-06 23:31:56.118 [info] > git for-each-ref --format=%(refname)%00%(upstream:short)%00%(objectname)%00%(upstream:track)%00%(upstream:remotename)%00%(upstream:remoteref) refs/heads/main refs/remotes/main [1ms]
2025-05-06 23:31:56.125 [info] > git for-each-ref --sort -committerdate --format %(refname)%00%(objectname)%00%(*objectname) [1ms]
2025-05-06 23:31:56.129 [info] > git status -z -uall [7ms]
2025-05-06 23:32:00.320 [info] > git config --get commit.template [3ms]
2025-05-06 23:32:00.320 [info] > git for-each-ref --format=%(refname)%00%(upstream:short)%00%(objectname)%00%(upstream:track)%00%(upstream:remotename)%00%(upstream:remoteref) refs/heads/main refs/remotes/main [1ms]
2025-05-06 23:32:00.325 [info] > git for-each-ref --sort -committerdate --format %(refname)%00%(objectname)%00%(*objectname) [2ms]
2025-05-06 23:32:00.330 [info] > git status -z -uall [8ms]
2025-05-06 23:32:05.355 [info] > git config --get commit.template [3ms]
2025-05-06 23:32:05.355 [info] > git for-each-ref --format=%(refname)%00%(upstream:short)%00%(objectname)%00%(upstream:track)%00%(upstream:remotename)%00%(upstream:remoteref) refs/heads/main refs/remotes/main [1ms]
2025-05-06 23:32:05.360 [info] > git for-each-ref --sort -committerdate --format %(refname)%00%(objectname)%00%(*objectname) [1ms]
2025-05-06 23:32:05.364 [info] > git status -z -uall [7ms]
2025-05-06 23:32:13.894 [info] > git config --get commit.template [5ms]
2025-05-06 23:32:13.894 [info] > git for-each-ref --format=%(refname)%00%(upstream:short)%00%(objectname)%00%(upstream:track)%00%(upstream:remotename)%00%(upstream:remoteref) refs/heads/main refs/remotes/main [1ms]
2025-05-06 23:32:13.907 [info] > git for-each-ref --sort -committerdate --format %(refname)%00%(objectname)%00%(*objectname) [2ms]
2025-05-06 23:32:13.912 [info] > git status -z -uall [11ms]
2025-05-06 23:32:18.942 [info] > git config --get commit.template [3ms]
2025-05-06 23:32:18.942 [info] > git for-each-ref --format=%(refname)%00%(upstream:short)%00%(objectname)%00%(upstream:track)%00%(upstream:remotename)%00%(upstream:remoteref) refs/heads/main refs/remotes/main [1ms]
2025-05-06 23:32:18.947 [info] > git for-each-ref --sort -committerdate --format %(refname)%00%(objectname)%00%(*objectname) [1ms]
2025-05-06 23:32:18.952 [info] > git status -z -uall [7ms]
2025-05-06 23:32:23.973 [info] > git config --get commit.template [2ms]
2025-05-06 23:32:23.974 [info] > git for-each-ref --format=%(refname)%00%(upstream:short)%00%(objectname)%00%(upstream:track)%00%(upstream:remotename)%00%(upstream:remoteref) refs/heads/main refs/remotes/main [1ms]
2025-05-06 23:32:23.979 [info] > git for-each-ref --sort -committerdate --format %(refname)%00%(objectname)%00%(*objectname) [1ms]
2025-05-06 23:32:23.983 [info] > git status -z -uall [7ms]
2025-05-06 23:32:27.633 [info] > git log --format=%H%n%aN%n%aE%n%at%n%ct%n%P%n%D%n%B -z --shortstat --diff-merges=first-parent -n50 --skip=0 --topo-order --decorate=full --stdin [1ms]
2025-05-06 23:32:28.108 [info] > git config --get commit.template [3ms]
2025-05-06 23:32:28.109 [info] > git for-each-ref --format=%(refname)%00%(upstream:short)%00%(objectname)%00%(upstream:track)%00%(upstream:remotename)%00%(upstream:remoteref) refs/heads/main refs/remotes/main [1ms]
2025-05-06 23:32:28.115 [info] > git for-each-ref --sort -committerdate --format %(refname)%00%(objectname)%00%(*objectname) [1ms]
2025-05-06 23:32:28.119 [info] > git status -z -uall [7ms]
2025-05-06 23:32:28.136 [info] > git check-ignore -v -z --stdin [1ms]
2025-05-06 23:32:33.140 [info] > git config --get commit.template [2ms]
2025-05-06 23:32:33.140 [info] > git for-each-ref --format=%(refname)%00%(upstream:short)%00%(objectname)%00%(upstream:track)%00%(upstream:remotename)%00%(upstream:remoteref) refs/heads/main refs/remotes/main [1ms]
2025-05-06 23:32:33.147 [info] > git for-each-ref --sort -committerdate --format %(refname)%00%(objectname)%00%(*objectname) [0ms]
2025-05-06 23:32:33.151 [info] > git status -z -uall [8ms]
2025-05-06 23:32:38.171 [info] > git config --get commit.template [3ms]
2025-05-06 23:32:38.171 [info] > git for-each-ref --format=%(refname)%00%(upstream:short)%00%(objectname)%00%(upstream:track)%00%(upstream:remotename)%00%(upstream:remoteref) refs/heads/main refs/remotes/main [1ms]
2025-05-06 23:32:38.177 [info] > git for-each-ref --sort -committerdate --format %(refname)%00%(objectname)%00%(*objectname) [1ms]
2025-05-06 23:32:38.182 [info] > git status -z -uall [8ms]
2025-05-06 23:32:43.588 [info] > git config --get commit.template [2ms]
2025-05-06 23:32:43.592 [info] > git for-each-ref --format=%(refname)%00%(upstream:short)%00%(objectname)%00%(upstream:track)%00%(upstream:remotename)%00%(upstream:remoteref) refs/heads/main refs/remotes/main [1ms]
2025-05-06 23:32:43.599 [info] > git for-each-ref --sort -committerdate --format %(refname)%00%(objectname)%00%(*objectname) [1ms]
2025-05-06 23:32:43.605 [info] > git status -z -uall [10ms]
2025-05-06 23:32:48.626 [info] > git config --get commit.template [1ms]
2025-05-06 23:32:48.630 [info] > git for-each-ref --format=%(refname)%00%(upstream:short)%00%(objectname)%00%(upstream:track)%00%(upstream:remotename)%00%(upstream:remoteref) refs/heads/main refs/remotes/main [1ms]
2025-05-06 23:32:48.637 [info] > git for-each-ref --sort -committerdate --format %(refname)%00%(objectname)%00%(*objectname) [1ms]
2025-05-06 23:32:48.643 [info] > git status -z -uall [10ms]
2025-05-06 23:32:53.665 [info] > git config --get commit.template [1ms]
2025-05-06 23:32:53.669 [info] > git for-each-ref --format=%(refname)%00%(upstream:short)%00%(objectname)%00%(upstream:track)%00%(upstream:remotename)%00%(upstream:remoteref) refs/heads/main refs/remotes/main [2ms]
2025-05-06 23:32:53.675 [info] > git for-each-ref --sort -committerdate --format %(refname)%00%(objectname)%00%(*objectname) [1ms]
2025-05-06 23:32:53.679 [info] > git status -z -uall [8ms]
2025-05-06 23:32:58.697 [info] > git config --get commit.template [3ms]
2025-05-06 23:32:58.697 [info] > git for-each-ref --format=%(refname)%00%(upstream:short)%00%(objectname)%00%(upstream:track)%00%(upstream:remotename)%00%(upstream:remoteref) refs/heads/main refs/remotes/main [1ms]
2025-05-06 23:32:58.703 [info] > git for-each-ref --sort -committerdate --format %(refname)%00%(objectname)%00%(*objectname) [1ms]
2025-05-06 23:32:58.708 [info] > git status -z -uall [8ms]
2025-05-06 23:33:02.769 [info] > git add -A -- . [605ms]
2025-05-06 23:33:02.769 [info] warning: adding embedded git repository: test
hint: You've added another git repository inside your current repository.
hint: Clones of the outer repository will not contain the contents of
hint: the embedded repository and will not know how to obtain it.
hint: If you meant to add a submodule, use:
hint:
hint: 	git submodule add <url> test
hint:
hint: If you added this path by mistake, you can remove it from the
hint: index with:
hint:
hint: 	git rm --cached test
hint:
hint: See "git help submodule" for more information.
hint: Disable this message with "git config set advice.addEmbeddedRepo false"
2025-05-06 23:33:02.776 [info] > git config --get commit.template [2ms]
2025-05-06 23:33:02.777 [info] > git for-each-ref --format=%(refname)%00%(upstream:short)%00%(objectname)%00%(upstream:track)%00%(upstream:remotename)%00%(upstream:remoteref) refs/heads/main refs/remotes/main [1ms]
2025-05-06 23:33:02.782 [info] > git for-each-ref --sort -committerdate --format %(refname)%00%(objectname)%00%(*objectname) [1ms]
2025-05-06 23:33:02.789 [info] > git status -z -uall [10ms]
2025-05-06 23:33:03.504 [info] > git show --textconv :.git/COMMIT_EDITMSG [2ms]
2025-05-06 23:33:03.507 [info] > git ls-files --stage -- .git/COMMIT_EDITMSG [3ms]
2025-05-06 23:33:03.510 [info] > git hash-object -t tree /dev/null [3ms]
2025-05-06 23:33:03.510 [warning] [GitFileSystemProvider][readFile] File not found - git:/home/shin/.git/COMMIT_EDITMSG.git?%7B%22path%22%3A%22%2Fhome%2Fshin%2F.git%2FCOMMIT_EDITMSG%22%2C%22ref%22%3A%22%22%7D
2025-05-06 23:33:03.512 [info] > git hash-object -t tree /dev/null [2ms]
2025-05-06 23:33:03.513 [warning] [GitFileSystemProvider][stat] File not found - git:/home/shin/.git/COMMIT_EDITMSG.git?%7B%22path%22%3A%22%2Fhome%2Fshin%2F.git%2FCOMMIT_EDITMSG%22%2C%22ref%22%3A%22%22%7D
2025-05-06 23:33:03.819 [info] > git check-ignore -v -z --stdin [2ms]
2025-05-06 23:33:15.204 [info] > git show --textconv :README.md [8ms]
2025-05-06 23:33:15.204 [info] > git show --textconv HEAD:README.md [6ms]
2025-05-06 23:33:15.204 [info] > git ls-files --stage -- README.md [4ms]
2025-05-06 23:33:15.208 [info] > git cat-file -s 9c77a40f8ebdc3f55d4ba9892f335553d8c98466 [2ms]
2025-05-06 23:33:15.208 [info] > git ls-tree -l HEAD -- README.md [5ms]
2025-05-06 23:33:21.198 [info] > git show --textconv :.git/COMMIT_EDITMSG [3ms]
2025-05-06 23:33:21.199 [warning] [GitFileSystemProvider][readFile] File not found - git:/home/shin/.git/COMMIT_EDITMSG.git?%7B%22path%22%3A%22%2Fhome%2Fshin%2F.git%2FCOMMIT_EDITMSG%22%2C%22ref%22%3A%22%22%7D
2025-05-06 23:33:21.199 [info] > git ls-files --stage -- .git/COMMIT_EDITMSG [2ms]
2025-05-06 23:33:21.200 [warning] [GitFileSystemProvider][stat] File not found - git:/home/shin/.git/COMMIT_EDITMSG.git?%7B%22path%22%3A%22%2Fhome%2Fshin%2F.git%2FCOMMIT_EDITMSG%22%2C%22ref%22%3A%22%22%7D
2025-05-06 23:33:27.605 [info] > git blame --root --incremental 2c48f123499e7d83f5cac4fcd53b56d6bbb28d8b -- .git/COMMIT_EDITMSG [1ms]
2025-05-06 23:33:27.605 [info] fatal: no such path .git/COMMIT_EDITMSG in 2c48f123499e7d83f5cac4fcd53b56d6bbb28d8b
2025-05-06 23:34:12.346 [info] > git -c user.useConfigOnly=true commit --quiet [69537ms]
2025-05-06 23:34:12.354 [info] > git config --get commit.template [3ms]
2025-05-06 23:34:12.356 [info] > git for-each-ref --format=%(refname)%00%(upstream:short)%00%(objectname)%00%(upstream:track)%00%(upstream:remotename)%00%(upstream:remoteref) refs/heads/main refs/remotes/main [2ms]
2025-05-06 23:34:12.364 [info] > git for-each-ref --sort -committerdate --format %(refname)%00%(objectname)%00%(*objectname) [1ms]
2025-05-06 23:34:12.454 [info] > git status -z -uall [94ms]
2025-05-06 23:34:12.473 [info] > git merge-base refs/heads/main refs/remotes/origin/main [7ms]
2025-05-06 23:34:12.476 [info] > git config --get commit.template [5ms]
2025-05-06 23:34:12.479 [info] > git diff --name-status -z --diff-filter=ADMR 2c48f123499e7d83f5cac4fcd53b56d6bbb28d8b...refs/remotes/origin/main [4ms]
2025-05-06 23:34:12.480 [info] > git for-each-ref --format=%(refname)%00%(upstream:short)%00%(objectname)%00%(upstream:track)%00%(upstream:remotename)%00%(upstream:remoteref) refs/heads/main refs/remotes/main [1ms]
2025-05-06 23:34:12.486 [info] > git for-each-ref --sort -committerdate --format %(refname)%00%(objectname)%00%(*objectname) [1ms]
2025-05-06 23:34:12.492 [info] > git status -z -uall [9ms]
2025-05-06 23:34:12.505 [info] > git config --get commit.template [1ms]
2025-05-06 23:34:12.508 [info] > git for-each-ref --format=%(refname)%00%(upstream:short)%00%(objectname)%00%(upstream:track)%00%(upstream:remotename)%00%(upstream:remoteref) refs/heads/main refs/remotes/main [1ms]
2025-05-06 23:34:12.514 [info] > git for-each-ref --sort -committerdate --format %(refname)%00%(objectname)%00%(*objectname) [2ms]
2025-05-06 23:34:12.519 [info] > git status -z -uall [9ms]
2025-05-06 23:34:12.879 [info] > git show --textconv :README.md [2ms]
2025-05-06 23:34:12.881 [info] > git ls-files --stage -- README.md [2ms]
2025-05-06 23:34:12.884 [info] > git cat-file -s 9c77a40f8ebdc3f55d4ba9892f335553d8c98466 [1ms]
2025-05-06 23:34:12.935 [info] > git blame --root --incremental 58e7c166831ed246b01cf9f6ce93961a7042ba2f -- README.md [2ms]
2025-05-06 23:34:12.980 [info] > git log --format=%H%n%aN%n%aE%n%at%n%ct%n%P%n%D%n%B -z --shortstat --diff-merges=first-parent -n50 --skip=0 --topo-order --decorate=full --stdin [490ms]
2025-05-06 23:34:13.231 [info] > git check-ignore -v -z --stdin [2ms]
2025-05-06 23:34:13.473 [info] > git ls-files --stage -- README.md [1ms]
2025-05-06 23:34:13.476 [info] > git cat-file -s 9c77a40f8ebdc3f55d4ba9892f335553d8c98466 [1ms]
2025-05-06 23:34:13.484 [info] > git show --textconv :README.md [2ms]
2025-05-06 23:34:18.710 [info] > git config --get commit.template [2ms]
2025-05-06 23:34:18.710 [info] > git for-each-ref --format=%(refname)%00%(upstream:short)%00%(objectname)%00%(upstream:track)%00%(upstream:remotename)%00%(upstream:remoteref) refs/heads/main refs/remotes/main [1ms]
2025-05-06 23:34:18.716 [info] > git for-each-ref --sort -committerdate --format %(refname)%00%(objectname)%00%(*objectname) [1ms]
2025-05-06 23:34:18.722 [info] > git status -z -uall [9ms]
2025-05-06 23:34:22.082 [info] > git log --format=%H%n%aN%n%aE%n%at%n%ct%n%P%n%D%n%B -z --shortstat --diff-merges=first-parent -n50 --skip=0 --topo-order --decorate=full --stdin [132ms]
2025-05-06 23:34:23.731 [info] > git config --get commit.template [3ms]
2025-05-06 23:34:23.731 [info] > git for-each-ref --format=%(refname)%00%(upstream:short)%00%(objectname)%00%(upstream:track)%00%(upstream:remotename)%00%(upstream:remoteref) refs/heads/main refs/remotes/main [1ms]
2025-05-06 23:34:23.738 [info] > git for-each-ref --sort -committerdate --format %(refname)%00%(objectname)%00%(*objectname) [2ms]
2025-05-06 23:34:23.743 [info] > git status -z -uall [9ms]
