2025-05-06 23:14:21.730 [info] [main] ログ レベル: Info
2025-05-06 23:14:21.730 [info] [main] Git の検証が検出されました: "git"
2025-05-06 23:14:21.730 [info] [main] "git" から Git "2.49.0" を使用しています
2025-05-06 23:14:21.730 [info] [Model][doInitialScan] Initial repository scan started
2025-05-06 23:14:21.730 [info] > git rev-parse --show-toplevel [2ms]
2025-05-06 23:14:21.730 [info] fatal: not a git repository (or any of the parent directories): .git
2025-05-06 23:14:21.731 [info] > git rev-parse --show-toplevel [1ms]
2025-05-06 23:14:21.731 [info] fatal: not a git repository (or any of the parent directories): .git
2025-05-06 23:14:21.734 [info] > git rev-parse --show-toplevel [1ms]
2025-05-06 23:14:21.734 [info] fatal: not a git repository (or any of the parent directories): .git
2025-05-06 23:14:21.736 [info] > git rev-parse --show-toplevel [1ms]
2025-05-06 23:14:21.736 [info] fatal: not a git repository (or any of the parent directories): .git
2025-05-06 23:14:21.738 [info] > git rev-parse --show-toplevel [1ms]
2025-05-06 23:14:21.738 [info] fatal: not a git repository (or any of the parent directories): .git
2025-05-06 23:14:21.740 [info] [Model][doInitialScan] Initial repository scan completed - repositories (0), closed repositories (0), parent repositories (0), unsafe repositories (0)
2025-05-06 23:14:42.635 [info] > git rev-parse --show-toplevel [2ms]
2025-05-06 23:14:42.635 [info] fatal: not a git repository (or any of the parent directories): .git
2025-05-06 23:14:43.194 [info] > git rev-parse --show-toplevel [1ms]
2025-05-06 23:14:43.194 [info] fatal: not a git repository (or any of the parent directories): .git
2025-05-06 23:15:19.445 [info] > git rev-parse --show-toplevel [6ms]
2025-05-06 23:15:19.445 [info] fatal: not a git repository (or any of the parent directories): .git
2025-05-06 23:15:30.387 [info] > git rev-parse --show-toplevel [1ms]
2025-05-06 23:15:30.387 [info] fatal: not a git repository (or any of the parent directories): .git
